0 info it worked if it ends with ok
1 verbose cli [ '/Users/v586274/.nvm/versions/node/v6.7.0/bin/node',
1 verbose cli   '/Users/v586274/.nvm/versions/node/v6.7.0/bin/npm',
1 verbose cli   'run',
1 verbose cli   'docker:develop' ]
2 info using npm@3.10.3
3 info using node@v6.7.0
4 verbose run-script [ 'predocker:develop', 'docker:develop', 'postdocker:develop' ]
5 info lifecycle mapquest@0.0.2~predocker:develop: mapquest@0.0.2
6 silly lifecycle mapquest@0.0.2~predocker:develop: no script for predocker:develop, continuing
7 info lifecycle mapquest@0.0.2~docker:develop: mapquest@0.0.2
8 verbose lifecycle mapquest@0.0.2~docker:develop: unsafe-perm in lifecycle true
9 verbose lifecycle mapquest@0.0.2~docker:develop: PATH: /Users/v586274/.nvm/versions/node/v6.7.0/lib/node_modules/npm/bin/node-gyp-bin:/Users/v586274/source/st/thingspace/develop/ts-docs/ts-docs-mapquest/node_modules/.bin:/Users/v586274/.nvm/versions/node/v6.7.0/bin:/Users/v586274/.avn/bin:/Users/v586274/.nvm/versions/node/v6.7.0/bin:/Users/v586274/.rvm/gems/ruby-2.2.1-stable/bin:/Users/v586274/.rvm/gems/ruby-2.2.1-stable@global/bin:/Users/v586274/.rvm/rubies/ruby-2.2.1-stable/bin:/Users/v586274/bin:/usr/local/bin:/usr/bin:/bin:/usr/sbin:/sbin:/usr/local/go/bin:/Users/v586274/.rvm/bin
10 verbose lifecycle mapquest@0.0.2~docker:develop: CWD: /Users/v586274/source/st/thingspace/develop/ts-docs/ts-docs-mapquest
11 silly lifecycle mapquest@0.0.2~docker:develop: Args: [ '-c',
11 silly lifecycle   'docker run -v $(pwd)/src:/opt/docservice/docs/mapquest/staging/v1 -p 3100:3100 localhost:5000/irvui/ts-docs-mapquest:latest' ]
12 silly lifecycle mapquest@0.0.2~docker:develop: Returned: code: 125  signal: null
13 info lifecycle mapquest@0.0.2~docker:develop: Failed to exec docker:develop script
14 verbose stack Error: mapquest@0.0.2 docker:develop: `docker run -v $(pwd)/src:/opt/docservice/docs/mapquest/staging/v1 -p 3100:3100 localhost:5000/irvui/ts-docs-mapquest:latest`
14 verbose stack Exit status 125
14 verbose stack     at EventEmitter.<anonymous> (/Users/v586274/.nvm/versions/node/v6.7.0/lib/node_modules/npm/lib/utils/lifecycle.js:242:16)
14 verbose stack     at emitTwo (events.js:106:13)
14 verbose stack     at EventEmitter.emit (events.js:191:7)
14 verbose stack     at ChildProcess.<anonymous> (/Users/v586274/.nvm/versions/node/v6.7.0/lib/node_modules/npm/lib/utils/spawn.js:40:14)
14 verbose stack     at emitTwo (events.js:106:13)
14 verbose stack     at ChildProcess.emit (events.js:191:7)
14 verbose stack     at maybeClose (internal/child_process.js:877:16)
14 verbose stack     at Process.ChildProcess._handle.onexit (internal/child_process.js:226:5)
15 verbose pkgid mapquest@0.0.2
16 verbose cwd /Users/v586274/source/st/thingspace/develop/ts-docs/ts-docs-mapquest
17 error Darwin 15.6.0
18 error argv "/Users/v586274/.nvm/versions/node/v6.7.0/bin/node" "/Users/v586274/.nvm/versions/node/v6.7.0/bin/npm" "run" "docker:develop"
19 error node v6.7.0
20 error npm  v3.10.3
21 error code ELIFECYCLE
22 error mapquest@0.0.2 docker:develop: `docker run -v $(pwd)/src:/opt/docservice/docs/mapquest/staging/v1 -p 3100:3100 localhost:5000/irvui/ts-docs-mapquest:latest`
22 error Exit status 125
23 error Failed at the mapquest@0.0.2 docker:develop script 'docker run -v $(pwd)/src:/opt/docservice/docs/mapquest/staging/v1 -p 3100:3100 localhost:5000/irvui/ts-docs-mapquest:latest'.
23 error Make sure you have the latest version of node.js and npm installed.
23 error If you do, this is most likely a problem with the mapquest package,
23 error not with npm itself.
23 error Tell the author that this fails on your system:
23 error     docker run -v $(pwd)/src:/opt/docservice/docs/mapquest/staging/v1 -p 3100:3100 localhost:5000/irvui/ts-docs-mapquest:latest
23 error You can get information on how to open an issue for this project with:
23 error     npm bugs mapquest
23 error Or if that isn't available, you can get their info via:
23 error     npm owner ls mapquest
23 error There is likely additional logging output above.
24 verbose exit [ 1, true ]
